<?xml version="1.0" encoding="UTF-8"?>
<!-- Generated by org.testng.reporters.JUnitReportReporter -->
<testsuite hostname="Apples-MacBook-Air.local" failures="0" tests="2" name="TestNG.NewTestSession" time="0.048" errors="0" timestamp="2022-10-05T19:28:32 EDT" skipped="0">
  <testcase classname="TestNG.NewTestSession" name="test6" time="0.014"/>
  <system-out/>
  <testcase classname="TestNG.NewTestSession" name="f" time="0.034"/>
  <system-out/>
</testsuite> <!-- TestNG.NewTestSession -->
