<?xml version="1.0" encoding="UTF-8"?>
<!-- Generated by org.testng.reporters.JUnitReportReporter -->
<testsuite hostname="Apples-Air" failures="0" tests="1" name="TestNG.NewTestclass" time="5.326" errors="0" timestamp="2022-10-12T19:18:27 EDT" skipped="0">
  <testcase classname="TestNG.NewTestclass" name="f" time="5.326"/>
  <system-out/>
</testsuite> <!-- TestNG.NewTestclass -->
